<?xml version="1.0" encoding="UTF-8"?>
<testng-results skipped="0" failed="0" ignored="0" total="1" passed="1">
  <reporter-output>
  </reporter-output>
  <suite name="Rediff Money Test Suite" duration-ms="47204" started-at="2022-07-14T09:03:43Z" finished-at="2022-07-14T09:04:30Z">
    <groups>
      <group name="cucumber">
        <method signature="AbstractTestNGCucumberTests.feature(cucumber.api.testng.CucumberFeatureWrapper)[pri:0, instance:testrunners.Deleting_Stocks@2f686d1f]" name="feature" class="cucumber.api.testng.AbstractTestNGCucumberTests"/>
      </group> <!-- cucumber -->
    </groups>
    <test name="Deleting all stocks" duration-ms="47204" started-at="2022-07-14T09:03:43Z" finished-at="2022-07-14T09:04:30Z">
      <class name="testrunners.Deleting_Stocks">
        <test-method status="PASS" signature="setUpClass()[pri:0, instance:testrunners.Deleting_Stocks@2f686d1f]" name="setUpClass" is-config="true" duration-ms="346" started-at="2022-07-14T09:03:43Z" finished-at="2022-07-14T09:03:44Z">
          <reporter-output>
          </reporter-output>
        </test-method> <!-- setUpClass -->
        <test-method status="PASS" signature="feature(cucumber.api.testng.CucumberFeatureWrapper)[pri:0, instance:testrunners.Deleting_Stocks@2f686d1f]" name="feature" duration-ms="46101" started-at="2022-07-14T09:03:44Z" description="Runs Cucumber Feature" data-provider="features" finished-at="2022-07-14T09:04:30Z">
          <params>
            <param index="0">
              <value>
                <![CDATA[Deleting all stocks]]>
              </value>
            </param>
          </params>
          <reporter-output>
          </reporter-output>
        </test-method> <!-- feature -->
        <test-method status="PASS" signature="tearDownClass()[pri:0, instance:testrunners.Deleting_Stocks@2f686d1f]" name="tearDownClass" is-config="true" duration-ms="663" started-at="2022-07-14T09:04:30Z" finished-at="2022-07-14T09:04:30Z">
          <reporter-output>
          </reporter-output>
        </test-method> <!-- tearDownClass -->
      </class> <!-- testrunners.Deleting_Stocks -->
    </test> <!-- Deleting all stocks -->
  </suite> <!-- Rediff Money Test Suite -->
</testng-results>
